<?xml version="1.0" encoding="UTF-8"?>
<testsuite xmlns:xsi="http://www.w3.org/2001/XMLSchema-instance" xsi:noNamespaceSchemaLocation="https://maven.apache.org/surefire/maven-surefire-plugin/xsd/surefire-test-report.xsd" name="C_ShoppingCartTest" time="0.102" tests="17" errors="0" skipped="0" failures="1">
  <properties>
[...]
</properties>
  <testcase name="shoppingWorks" classname="C_ShoppingCartTest" time="0.087">
    <failure message="the store was created just like in the example and the customers input was coffee&lt;enter&gt;bread&lt;enter&gt;water&lt;enter&gt;&lt;enter&gt;&#10; the stock of coffee should be reduced by one expected:&lt;9&gt; but was:&lt;10&gt;" type="java.lang.AssertionError"><![CDATA[java.lang.AssertionError: 
the store was created just like in the example and the customers input was coffee<enter>bread<enter>water<enter><enter>
 the stock of coffee should be reduced by one expected:<9> but was:<10>
	at C_ShoppingCartTest.shoppingWorks(C_ShoppingCartTest.java:330)
]]></failure>
  </testcase>
  <testcase name="methodPrintExits" classname="C_ShoppingCartTest" time="0"/>
  <testcase name="addingTheSameProductTwiceDoesNotCreateTwoItems" classname="C_ShoppingCartTest" time="0"/>
  <testcase name="methodAddExits" classname="C_ShoppingCartTest" time="0.003"/>
  <testcase name="oneProductMultipleTimesAndSeveralOtherProducts" classname="C_ShoppingCartTest" time="0"/>
  <testcase name="hasMapOrList" classname="C_ShoppingCartTest" time="0.001"/>
  <testcase name="constructorCheck" classname="C_ShoppingCartTest" time="0"/>
  <testcase name="addingThreeDifferentProducsIncreasesCartsPrice" classname="C_ShoppingCartTest" time="0"/>
  <testcase name="addingAnItemIncreasesCartsPrice" classname="C_ShoppingCartTest" time="0"/>
  <testcase name="printingWorks" classname="C_ShoppingCartTest" time="0.002"/>
  <testcase name="addingTheSameProductTwiceIncreasesCartsPrice" classname="C_ShoppingCartTest" time="0"/>
  <testcase name="storeClassExists" classname="C_ShoppingCartTest" time="0.001"/>
  <testcase name="methodPriceExits" classname="C_ShoppingCartTest" time="0"/>
  <testcase name="noExtraVariables" classname="C_ShoppingCartTest" time="0.001"/>
  <testcase name="priceOfAnEmptyCartIsZero" classname="C_ShoppingCartTest" time="0.001"/>
  <testcase name="theClassShoppingCartExits" classname="C_ShoppingCartTest" time="0.001"/>
  <testcase name="addingTwoDifferentProductsIncreasesCartsPrice" classname="C_ShoppingCartTest" time="0.002"/>
</testsuite>