<?xml version="1.0" encoding="UTF-8"?>
<testsuite xmlns:xsi="http://www.w3.org/2001/XMLSchema-instance" xsi:noNamespaceSchemaLocation="https://maven.apache.org/surefire/maven-surefire-plugin/xsd/surefire-test-report.xsd" name="A_WarehouseTest" time="0.138" tests="19" errors="1" skipped="0" failures="1">
  <properties>
[...]
</properties>
  <testcase name="stockMethodExits" classname="A_WarehouseTest" time="0.026"/>
  <testcase name="constructor" classname="A_WarehouseTest" time="0"/>
  <testcase name="priceCheckForNonexistantProduct" classname="A_WarehouseTest" time="0"/>
  <testcase name="mapImplemented" classname="A_WarehouseTest" time="0.001"/>
  <testcase name="methodPriceImplemented" classname="A_WarehouseTest" time="0"/>
  <testcase name="failedPriceCheckDoesNotCauseAnException" classname="A_WarehouseTest" time="0"/>
  <testcase name="productsMethodWorks" classname="A_WarehouseTest" time="0.001"/>
  <testcase name="priceMethodWorks" classname="A_WarehouseTest" time="0"/>
  <testcase name="stockForAProductNotInTheWarehouse" classname="A_WarehouseTest" time="0"/>
  <testcase name="takeWorksWhenStockBecomesZero" classname="A_WarehouseTest" time="0.002"/>
  <testcase name="stockMethodWorksWithProductInTheWarehouse" classname="A_WarehouseTest" time="0"/>
  <testcase name="mapExists" classname="A_WarehouseTest" time="0.001"/>
  <testcase name="methodProductsExits" classname="A_WarehouseTest" time="0.001"/>
  <testcase name="classIsPublic" classname="A_WarehouseTest" time="0"/>
  <testcase name="tryingToTakeAProductThatDoesNotExistReturnsFalse" classname="A_WarehouseTest" time="0.022">
    <error type="java.lang.NullPointerException">java.lang.NullPointerException
	at A_WarehouseTest.take(A_WarehouseTest.java:424)
	at A_WarehouseTest.tryingToTakeAProductThatDoesNotExistReturnsFalse(A_WarehouseTest.java:342)
</error>
  </testcase>
  <testcase name="takeReducesQuantity" classname="A_WarehouseTest" time="0"/>
  <testcase name="methodTakeExits" classname="A_WarehouseTest" time="0.004">
    <failure message="NullPointerException, in call take(&quot;cheese&quot;). &#10;The error was caused by the following code: Warehouse w = new Warehouse(); &#10;w.addProduct(&quot;coffee&quot;,2, 25);&#10;w.addProduct(&quot;milk&quot;,3, 10);&#10;w.take(&quot;cheese&quot;);" type="java.lang.AssertionError">java.lang.AssertionError: 
NullPointerException, in call take("cheese"). 
The error was caused by the following code: Warehouse w = new Warehouse(); 
w.addProduct("coffee",2, 25);
w.addProduct("milk",3, 10);
w.take("cheese");
	at A_WarehouseTest.methodTakeExits(A_WarehouseTest.java:281)
</failure>
  </testcase>
  <testcase name="noExtraVariables" classname="A_WarehouseTest" time="0.001"/>
  <testcase name="methodAddProductExits" classname="A_WarehouseTest" time="0.001"/>
</testsuite>